<?xml version="1.0" encoding="UTF-8"?>
<TestRun id="3713c2e7-9499-4a73-9ff8-56dbdf3dd380" name="bitmask@BIT7 2010-09-24 01:49:20" runUser="bit7\bitmask" xmlns="http://microsoft.com/schemas/VisualStudio/TeamTest/2010">
  <TestSettings name="Default Test Settings" id="b3c1a83f-d2be-4842-8dcf-dbdf04cc3f18">
    <Deployment runDeploymentRoot="bitmask_BIT7 2010-09-24 01_49_20">
      <DeploymentItem filename="C:\temp\linq-beyondqueries\bin\BeyondQueries.dll" />
    </Deployment>
    <Execution>
      <TestTypeSpecific />
      <AgentRule name="Execution Agents">
      </AgentRule>
    </Execution>
  </TestSettings>
  <Times creation="2010-09-24T01:49:20.5530000-04:00" queuing="2010-09-24T01:49:22.3150000-04:00" start="2010-09-24T01:49:22.4920000-04:00" finish="2010-09-24T01:49:23.1790000-04:00" />
  <ResultSummary outcome="Failed">
    <Counters total="1" executed="1" error="0" failed="1" timeout="0" aborted="0" inconclusive="0" passedButRunAborted="0" notRunnable="0" notExecuted="0" disconnected="0" warning="0" passed="0" completed="0" inProgress="0" pending="0" />
  </ResultSummary>
  <TestDefinitions>
    <UnitTest name="MovieWithoutATitleNeedsMoreInformation" storage="c:\temp\beyondqueries.tests\bin\debug\beyondqueries.tests.dll" id="ed6dcae6-11a4-d0a6-c707-e5fc2823deac">
      <Execution id="23f560cd-cbcf-43b1-994f-cfe800baf3b6" />
      <TestMethod codeBase="C:/temp/BeyondQueries.Tests/bin/Debug/BeyondQueries.Tests.DLL" adapterTypeName="Microsoft.VisualStudio.TestTools.TestTypes.Unit.UnitTestAdapter, Microsoft.VisualStudio.QualityTools.Tips.UnitTest.Adapter, Version=10.0.0.0, Culture=neutral, PublicKeyToken=b03f5f7f11d50a3a" className="BeyondQueries.Tests.MovieEvaluation, BeyondQueries.Tests, Version=1.0.0.0, Culture=neutral, PublicKeyToken=null" name="MovieWithoutATitleNeedsMoreInformation" />
    </UnitTest>
  </TestDefinitions>
  <TestLists>
    <TestList name="Results Not in a List" id="8c84fa94-04c1-424b-9868-57a2d4851a1d" />
    <TestList name="All Loaded Results" id="19431567-8539-422a-85d7-44ee4e166bda" />
  </TestLists>
  <TestEntries>
    <TestEntry testId="ed6dcae6-11a4-d0a6-c707-e5fc2823deac" executionId="23f560cd-cbcf-43b1-994f-cfe800baf3b6" testListId="8c84fa94-04c1-424b-9868-57a2d4851a1d" />
  </TestEntries>
  <Results>
    <UnitTestResult executionId="23f560cd-cbcf-43b1-994f-cfe800baf3b6" testId="ed6dcae6-11a4-d0a6-c707-e5fc2823deac" testName="MovieWithoutATitleNeedsMoreInformation" computerName="BIT7" duration="00:00:00.1444502" startTime="2010-09-24T01:49:22.5170000-04:00" endTime="2010-09-24T01:49:23.1280000-04:00" testType="13cdc9d9-ddb5-4fa4-a97d-d965ccfc6d4b" outcome="Failed" testListId="8c84fa94-04c1-424b-9868-57a2d4851a1d" relativeResultsDirectory="23f560cd-cbcf-43b1-994f-cfe800baf3b6">
      <Output>
        <ErrorInfo>
          <Message>Assert.AreEqual failed. Expected:&lt;Undetermined (BeyondQueries.Models.Data.MovieResult)&gt;. Actual:&lt;BeyondQueries.Domain.EvaluationResults`2[BeyondQueries.Models.Data.Movie,BeyondQueries.Models.Data.MovieResult] (BeyondQueries.Domain.EvaluationResults`2[[BeyondQueries.Models.Data.Movie, BeyondQueries, Version=1.0.0.0, Culture=neutral, PublicKeyToken=null],[BeyondQueries.Models.Data.MovieResult, BeyondQueries, Version=1.0.0.0, Culture=neutral, PublicKeyToken=null]])&gt;. </Message>
          <StackTrace>   at BeyondQueries.Tests.MovieEvaluation.MovieWithoutATitleNeedsMoreInformation() in C:\temp\BeyondQueries.Tests\MovieEvaluation.cs:line 16
</StackTrace>
        </ErrorInfo>
      </Output>
    </UnitTestResult>
  </Results>
</TestRun>